{"/Users/amrindersingh/hrrpp36/SDC/amrinder-service/db/index.js": {"path":"/Users/amrindersingh/hrrpp36/SDC/amrinder-service/db/index.js","statementMap":{"0":{"start":{"line":1,"column":19},"end":{"line":1,"column":32}},"1":{"start":{"line":3,"column":11},"end":{"line":8,"column":2}},"2":{"start":{"line":10,"column":0},"end":{"line":16,"column":3}},"3":{"start":{"line":11,"column":2},"end":{"line":15,"column":3}},"4":{"start":{"line":12,"column":4},"end":{"line":12,"column":23}},"5":{"start":{"line":14,"column":4},"end":{"line":14,"column":41}},"6":{"start":{"line":18,"column":0},"end":{"line":18,"column":20}}},"fnMap":{"0":{"name":"(anonymous_0)","decl":{"start":{"line":10,"column":11},"end":{"line":10,"column":12}},"loc":{"start":{"line":10,"column":20},"end":{"line":16,"column":1}},"line":10}},"branchMap":{"0":{"loc":{"start":{"line":11,"column":2},"end":{"line":15,"column":3}},"type":"if","locations":[{"start":{"line":11,"column":2},"end":{"line":15,"column":3}},{"start":{"line":13,"column":9},"end":{"line":15,"column":3}}],"line":11}},"s":{"0":1,"1":1,"2":1,"3":1,"4":0,"5":1,"6":1},"f":{"0":1},"b":{"0":[0,1]},"_coverageSchema":"1a1c01bbd47fc00a2c39e90264f33305004495a9","hash":"5b6a8ed2f1a7ab09c17cfd496d6c20fbab384bcc"}
,"/Users/amrindersingh/hrrpp36/SDC/amrinder-service/server/models.js": {"path":"/Users/amrindersingh/hrrpp36/SDC/amrinder-service/server/models.js","statementMap":{"0":{"start":{"line":1,"column":9},"end":{"line":1,"column":34}},"1":{"start":{"line":3,"column":0},"end":{"line":149,"column":1}},"2":{"start":{"line":6,"column":18},"end":{"line":6,"column":51}},"3":{"start":{"line":7,"column":6},"end":{"line":13,"column":8}},"4":{"start":{"line":8,"column":8},"end":{"line":12,"column":9}},"5":{"start":{"line":9,"column":10},"end":{"line":9,"column":24}},"6":{"start":{"line":11,"column":10},"end":{"line":11,"column":39}},"7":{"start":{"line":18,"column":18},"end":{"line":21,"column":64}},"8":{"start":{"line":22,"column":6},"end":{"line":44,"column":8}},"9":{"start":{"line":23,"column":8},"end":{"line":43,"column":9}},"10":{"start":{"line":24,"column":10},"end":{"line":24,"column":24}},"11":{"start":{"line":26,"column":21},"end":{"line":26,"column":23}},"12":{"start":{"line":27,"column":10},"end":{"line":27,"column":39}},"13":{"start":{"line":28,"column":10},"end":{"line":28,"column":43}},"14":{"start":{"line":29,"column":10},"end":{"line":29,"column":47}},"15":{"start":{"line":30,"column":10},"end":{"line":30,"column":57}},"16":{"start":{"line":31,"column":10},"end":{"line":31,"column":51}},"17":{"start":{"line":32,"column":10},"end":{"line":32,"column":61}},"18":{"start":{"line":34,"column":25},"end":{"line":34,"column":27}},"19":{"start":{"line":36,"column":10},"end":{"line":38,"column":11}},"20":{"start":{"line":36,"column":23},"end":{"line":36,"column":24}},"21":{"start":{"line":37,"column":12},"end":{"line":37,"column":98}},"22":{"start":{"line":40,"column":10},"end":{"line":40,"column":35}},"23":{"start":{"line":42,"column":10},"end":{"line":42,"column":31}},"24":{"start":{"line":96,"column":18},"end":{"line":110,"column":7}},"25":{"start":{"line":113,"column":6},"end":{"line":126,"column":8}},"26":{"start":{"line":114,"column":8},"end":{"line":125,"column":9}},"27":{"start":{"line":115,"column":10},"end":{"line":115,"column":24}},"28":{"start":{"line":117,"column":10},"end":{"line":122,"column":11}},"29":{"start":{"line":118,"column":23},"end":{"line":121,"column":13}},"30":{"start":{"line":124,"column":10},"end":{"line":124,"column":31}},"31":{"start":{"line":131,"column":18},"end":{"line":133,"column":31}},"32":{"start":{"line":134,"column":6},"end":{"line":146,"column":8}},"33":{"start":{"line":135,"column":8},"end":{"line":145,"column":9}},"34":{"start":{"line":136,"column":10},"end":{"line":136,"column":24}},"35":{"start":{"line":138,"column":21},"end":{"line":138,"column":23}},"36":{"start":{"line":140,"column":10},"end":{"line":142,"column":11}},"37":{"start":{"line":140,"column":23},"end":{"line":140,"column":24}},"38":{"start":{"line":141,"column":12},"end":{"line":141,"column":50}},"39":{"start":{"line":144,"column":10},"end":{"line":144,"column":31}}},"fnMap":{"0":{"name":"(anonymous_0)","decl":{"start":{"line":5,"column":9},"end":{"line":5,"column":10}},"loc":{"start":{"line":5,"column":28},"end":{"line":14,"column":5}},"line":5},"1":{"name":"(anonymous_1)","decl":{"start":{"line":7,"column":22},"end":{"line":7,"column":23}},"loc":{"start":{"line":7,"column":40},"end":{"line":13,"column":7}},"line":7},"2":{"name":"(anonymous_2)","decl":{"start":{"line":17,"column":9},"end":{"line":17,"column":10}},"loc":{"start":{"line":17,"column":32},"end":{"line":45,"column":5}},"line":17},"3":{"name":"(anonymous_3)","decl":{"start":{"line":22,"column":22},"end":{"line":22,"column":23}},"loc":{"start":{"line":22,"column":40},"end":{"line":44,"column":7}},"line":22},"4":{"name":"(anonymous_4)","decl":{"start":{"line":48,"column":9},"end":{"line":48,"column":10}},"loc":{"start":{"line":48,"column":32},"end":{"line":127,"column":5}},"line":48},"5":{"name":"(anonymous_5)","decl":{"start":{"line":113,"column":22},"end":{"line":113,"column":23}},"loc":{"start":{"line":113,"column":40},"end":{"line":126,"column":7}},"line":113},"6":{"name":"(anonymous_6)","decl":{"start":{"line":130,"column":9},"end":{"line":130,"column":10}},"loc":{"start":{"line":130,"column":32},"end":{"line":147,"column":5}},"line":130},"7":{"name":"(anonymous_7)","decl":{"start":{"line":134,"column":22},"end":{"line":134,"column":23}},"loc":{"start":{"line":134,"column":40},"end":{"line":146,"column":7}},"line":134}},"branchMap":{"0":{"loc":{"start":{"line":8,"column":8},"end":{"line":12,"column":9}},"type":"if","locations":[{"start":{"line":8,"column":8},"end":{"line":12,"column":9}},{"start":{"line":10,"column":15},"end":{"line":12,"column":9}}],"line":8},"1":{"loc":{"start":{"line":23,"column":8},"end":{"line":43,"column":9}},"type":"if","locations":[{"start":{"line":23,"column":8},"end":{"line":43,"column":9}},{"start":{"line":25,"column":15},"end":{"line":43,"column":9}}],"line":23},"2":{"loc":{"start":{"line":114,"column":8},"end":{"line":125,"column":9}},"type":"if","locations":[{"start":{"line":114,"column":8},"end":{"line":125,"column":9}},{"start":{"line":116,"column":15},"end":{"line":125,"column":9}}],"line":114},"3":{"loc":{"start":{"line":117,"column":10},"end":{"line":122,"column":11}},"type":"if","locations":[{"start":{"line":117,"column":10},"end":{"line":122,"column":11}},{"start":{},"end":{}}],"line":117},"4":{"loc":{"start":{"line":135,"column":8},"end":{"line":145,"column":9}},"type":"if","locations":[{"start":{"line":135,"column":8},"end":{"line":145,"column":9}},{"start":{"line":137,"column":15},"end":{"line":145,"column":9}}],"line":135}},"s":{"0":1,"1":1,"2":1,"3":1,"4":1,"5":0,"6":1,"7":1,"8":1,"9":1,"10":0,"11":1,"12":1,"13":1,"14":1,"15":1,"16":1,"17":1,"18":1,"19":1,"20":1,"21":2,"22":1,"23":1,"24":1,"25":1,"26":1,"27":0,"28":1,"29":1,"30":1,"31":1,"32":1,"33":1,"34":0,"35":1,"36":1,"37":1,"38":5,"39":1},"f":{"0":1,"1":1,"2":1,"3":1,"4":1,"5":1,"6":1,"7":1},"b":{"0":[0,1],"1":[0,1],"2":[0,1],"3":[1,0],"4":[0,1]},"_coverageSchema":"1a1c01bbd47fc00a2c39e90264f33305004495a9","hash":"93ea1465a7f152de1661e02d29682ce7375e8f9d"}
,"/Users/amrindersingh/hrrpp36/SDC/amrinder-service/server/server.js": {"path":"/Users/amrindersingh/hrrpp36/SDC/amrinder-service/server/server.js","statementMap":{"0":{"start":{"line":1,"column":14},"end":{"line":1,"column":32}},"1":{"start":{"line":2,"column":10},"end":{"line":2,"column":19}},"2":{"start":{"line":3,"column":13},"end":{"line":3,"column":35}},"3":{"start":{"line":5,"column":0},"end":{"line":5,"column":24}},"4":{"start":{"line":6,"column":0},"end":{"line":6,"column":48}},"5":{"start":{"line":8,"column":0},"end":{"line":10,"column":2}},"6":{"start":{"line":9,"column":2},"end":{"line":9,"column":32}},"7":{"start":{"line":12,"column":0},"end":{"line":14,"column":2}},"8":{"start":{"line":13,"column":2},"end":{"line":13,"column":33}},"9":{"start":{"line":16,"column":0},"end":{"line":24,"column":2}},"10":{"start":{"line":17,"column":2},"end":{"line":23,"column":4}},"11":{"start":{"line":18,"column":4},"end":{"line":22,"column":5}},"12":{"start":{"line":19,"column":6},"end":{"line":19,"column":40}},"13":{"start":{"line":21,"column":6},"end":{"line":21,"column":36}},"14":{"start":{"line":26,"column":0},"end":{"line":34,"column":2}},"15":{"start":{"line":27,"column":2},"end":{"line":33,"column":4}},"16":{"start":{"line":28,"column":4},"end":{"line":32,"column":5}},"17":{"start":{"line":29,"column":6},"end":{"line":29,"column":40}},"18":{"start":{"line":31,"column":6},"end":{"line":31,"column":36}},"19":{"start":{"line":36,"column":0},"end":{"line":44,"column":2}},"20":{"start":{"line":37,"column":2},"end":{"line":43,"column":4}},"21":{"start":{"line":38,"column":4},"end":{"line":42,"column":5}},"22":{"start":{"line":39,"column":6},"end":{"line":39,"column":40}},"23":{"start":{"line":41,"column":6},"end":{"line":41,"column":36}},"24":{"start":{"line":46,"column":0},"end":{"line":54,"column":2}},"25":{"start":{"line":47,"column":2},"end":{"line":53,"column":4}},"26":{"start":{"line":48,"column":4},"end":{"line":52,"column":5}},"27":{"start":{"line":49,"column":6},"end":{"line":49,"column":40}},"28":{"start":{"line":51,"column":6},"end":{"line":51,"column":36}},"29":{"start":{"line":58,"column":11},"end":{"line":58,"column":15}},"30":{"start":{"line":59,"column":0},"end":{"line":61,"column":3}},"31":{"start":{"line":60,"column":2},"end":{"line":60,"column":43}},"32":{"start":{"line":63,"column":0},"end":{"line":63,"column":21}}},"fnMap":{"0":{"name":"(anonymous_0)","decl":{"start":{"line":8,"column":17},"end":{"line":8,"column":18}},"loc":{"start":{"line":8,"column":31},"end":{"line":10,"column":1}},"line":8},"1":{"name":"(anonymous_1)","decl":{"start":{"line":12,"column":18},"end":{"line":12,"column":19}},"loc":{"start":{"line":12,"column":32},"end":{"line":14,"column":1}},"line":12},"2":{"name":"(anonymous_2)","decl":{"start":{"line":16,"column":21},"end":{"line":16,"column":22}},"loc":{"start":{"line":16,"column":35},"end":{"line":24,"column":1}},"line":16},"3":{"name":"(anonymous_3)","decl":{"start":{"line":17,"column":22},"end":{"line":17,"column":23}},"loc":{"start":{"line":17,"column":40},"end":{"line":23,"column":3}},"line":17},"4":{"name":"(anonymous_4)","decl":{"start":{"line":26,"column":25},"end":{"line":26,"column":26}},"loc":{"start":{"line":26,"column":39},"end":{"line":34,"column":1}},"line":26},"5":{"name":"(anonymous_5)","decl":{"start":{"line":27,"column":40},"end":{"line":27,"column":41}},"loc":{"start":{"line":27,"column":58},"end":{"line":33,"column":3}},"line":27},"6":{"name":"(anonymous_6)","decl":{"start":{"line":36,"column":32},"end":{"line":36,"column":33}},"loc":{"start":{"line":36,"column":46},"end":{"line":44,"column":1}},"line":36},"7":{"name":"(anonymous_7)","decl":{"start":{"line":37,"column":42},"end":{"line":37,"column":43}},"loc":{"start":{"line":37,"column":60},"end":{"line":43,"column":3}},"line":37},"8":{"name":"(anonymous_8)","decl":{"start":{"line":46,"column":33},"end":{"line":46,"column":34}},"loc":{"start":{"line":46,"column":47},"end":{"line":54,"column":1}},"line":46},"9":{"name":"(anonymous_9)","decl":{"start":{"line":47,"column":44},"end":{"line":47,"column":45}},"loc":{"start":{"line":47,"column":62},"end":{"line":53,"column":3}},"line":47},"10":{"name":"(anonymous_10)","decl":{"start":{"line":59,"column":17},"end":{"line":59,"column":18}},"loc":{"start":{"line":59,"column":23},"end":{"line":61,"column":1}},"line":59}},"branchMap":{"0":{"loc":{"start":{"line":18,"column":4},"end":{"line":22,"column":5}},"type":"if","locations":[{"start":{"line":18,"column":4},"end":{"line":22,"column":5}},{"start":{"line":20,"column":11},"end":{"line":22,"column":5}}],"line":18},"1":{"loc":{"start":{"line":28,"column":4},"end":{"line":32,"column":5}},"type":"if","locations":[{"start":{"line":28,"column":4},"end":{"line":32,"column":5}},{"start":{"line":30,"column":11},"end":{"line":32,"column":5}}],"line":28},"2":{"loc":{"start":{"line":38,"column":4},"end":{"line":42,"column":5}},"type":"if","locations":[{"start":{"line":38,"column":4},"end":{"line":42,"column":5}},{"start":{"line":40,"column":11},"end":{"line":42,"column":5}}],"line":38},"3":{"loc":{"start":{"line":48,"column":4},"end":{"line":52,"column":5}},"type":"if","locations":[{"start":{"line":48,"column":4},"end":{"line":52,"column":5}},{"start":{"line":50,"column":11},"end":{"line":52,"column":5}}],"line":48}},"s":{"0":1,"1":1,"2":1,"3":1,"4":1,"5":1,"6":1,"7":1,"8":1,"9":1,"10":1,"11":1,"12":0,"13":1,"14":1,"15":1,"16":1,"17":0,"18":1,"19":1,"20":1,"21":1,"22":0,"23":1,"24":1,"25":1,"26":1,"27":0,"28":1,"29":1,"30":1,"31":1,"32":1},"f":{"0":1,"1":1,"2":1,"3":1,"4":1,"5":1,"6":1,"7":1,"8":1,"9":1,"10":1},"b":{"0":[0,1],"1":[0,1],"2":[0,1],"3":[0,1]},"_coverageSchema":"1a1c01bbd47fc00a2c39e90264f33305004495a9","hash":"877c21c50f0514dd3934310a21fb17ff62577a7e"}
}
