TN:
SF:db/index.js
FN:10,(anonymous_0)
FNF:1
FNH:1
FNDA:1,(anonymous_0)
DA:1,1
DA:3,1
DA:10,1
DA:11,1
DA:12,0
DA:14,1
DA:18,1
LF:7
LH:6
BRDA:11,0,0,0
BRDA:11,0,1,1
BRF:2
BRH:1
end_of_record
TN:
SF:server/models.js
FN:5,(anonymous_0)
FN:7,(anonymous_1)
FN:17,(anonymous_2)
FN:22,(anonymous_3)
FN:48,(anonymous_4)
FN:113,(anonymous_5)
FN:130,(anonymous_6)
FN:134,(anonymous_7)
FNF:8
FNH:8
FNDA:1,(anonymous_0)
FNDA:1,(anonymous_1)
FNDA:1,(anonymous_2)
FNDA:1,(anonymous_3)
FNDA:1,(anonymous_4)
FNDA:1,(anonymous_5)
FNDA:1,(anonymous_6)
FNDA:1,(anonymous_7)
DA:1,1
DA:3,1
DA:6,1
DA:7,1
DA:8,1
DA:9,0
DA:11,1
DA:18,1
DA:22,1
DA:23,1
DA:24,0
DA:26,1
DA:27,1
DA:28,1
DA:29,1
DA:30,1
DA:31,1
DA:32,1
DA:34,1
DA:36,1
DA:37,2
DA:40,1
DA:42,1
DA:96,1
DA:113,1
DA:114,1
DA:115,0
DA:117,1
DA:118,1
DA:124,1
DA:131,1
DA:134,1
DA:135,1
DA:136,0
DA:138,1
DA:140,1
DA:141,5
DA:144,1
LF:38
LH:34
BRDA:8,0,0,0
BRDA:8,0,1,1
BRDA:23,1,0,0
BRDA:23,1,1,1
BRDA:114,2,0,0
BRDA:114,2,1,1
BRDA:117,3,0,1
BRDA:117,3,1,0
BRDA:135,4,0,0
BRDA:135,4,1,1
BRF:10
BRH:5
end_of_record
TN:
SF:server/server.js
FN:8,(anonymous_0)
FN:12,(anonymous_1)
FN:16,(anonymous_2)
FN:17,(anonymous_3)
FN:26,(anonymous_4)
FN:27,(anonymous_5)
FN:36,(anonymous_6)
FN:37,(anonymous_7)
FN:46,(anonymous_8)
FN:47,(anonymous_9)
FN:59,(anonymous_10)
FNF:11
FNH:11
FNDA:1,(anonymous_0)
FNDA:1,(anonymous_1)
FNDA:1,(anonymous_2)
FNDA:1,(anonymous_3)
FNDA:1,(anonymous_4)
FNDA:1,(anonymous_5)
FNDA:1,(anonymous_6)
FNDA:1,(anonymous_7)
FNDA:1,(anonymous_8)
FNDA:1,(anonymous_9)
FNDA:1,(anonymous_10)
DA:1,1
DA:2,1
DA:3,1
DA:5,1
DA:6,1
DA:8,1
DA:9,1
DA:12,1
DA:13,1
DA:16,1
DA:17,1
DA:18,1
DA:19,0
DA:21,1
DA:26,1
DA:27,1
DA:28,1
DA:29,0
DA:31,1
DA:36,1
DA:37,1
DA:38,1
DA:39,0
DA:41,1
DA:46,1
DA:47,1
DA:48,1
DA:49,0
DA:51,1
DA:58,1
DA:59,1
DA:60,1
DA:63,1
LF:33
LH:29
BRDA:18,0,0,0
BRDA:18,0,1,1
BRDA:28,1,0,0
BRDA:28,1,1,1
BRDA:38,2,0,0
BRDA:38,2,1,1
BRDA:48,3,0,0
BRDA:48,3,1,1
BRF:8
BRH:4
end_of_record
